2017-08-22 21:58:30 INFO  AppMain:12 - .......Hibernate Crud Operations Example.......

2017-08-22 21:58:30 INFO  AppMain:14 - 
=======CREATE RECORDS=======

2017-08-22 21:58:32 INFO  DbOperations:57 - 
Successfully Created '5' Records In The Database!

2017-08-22 21:58:32 INFO  AppMain:17 - 
=======READ RECORDS=======

2017-08-22 21:58:32 INFO  AppMain:21 - Student Details?= Id: 1, Name: Editor 101, Roll No.: 101, Course: Bachelor Of Technology
2017-08-22 21:58:32 INFO  AppMain:21 - Student Details?= Id: 2, Name: Editor 102, Roll No.: 102, Course: Bachelor Of Technology
2017-08-22 21:58:32 INFO  AppMain:21 - Student Details?= Id: 3, Name: Editor 103, Roll No.: 103, Course: Bachelor Of Technology
2017-08-22 21:58:32 INFO  AppMain:21 - Student Details?= Id: 4, Name: Editor 104, Roll No.: 104, Course: Bachelor Of Technology
2017-08-22 21:58:32 INFO  AppMain:21 - Student Details?= Id: 5, Name: Editor 105, Roll No.: 105, Course: Bachelor Of Technology
2017-08-22 21:58:32 INFO  AppMain:25 - 
=======UPDATE RECORDS=======

2017-08-22 21:58:32 INFO  DbOperations:111 - 
Student With Id?= 1 Is Successfully Updated In The Database!

2017-08-22 21:58:32 INFO  AppMain:28 - 
=======READ RECORDS AFTER UPDATION=======

2017-08-22 21:58:32 INFO  AppMain:32 - Student Details?= Id: 1, Name: Java Code Geek, Roll No.: 101, Course: Masters Of Technology
2017-08-22 21:58:32 INFO  AppMain:32 - Student Details?= Id: 2, Name: Editor 102, Roll No.: 102, Course: Bachelor Of Technology
2017-08-22 21:58:32 INFO  AppMain:32 - Student Details?= Id: 3, Name: Editor 103, Roll No.: 103, Course: Bachelor Of Technology
2017-08-22 21:58:32 INFO  AppMain:32 - Student Details?= Id: 4, Name: Editor 104, Roll No.: 104, Course: Bachelor Of Technology
2017-08-22 21:58:32 INFO  AppMain:32 - Student Details?= Id: 5, Name: Editor 105, Roll No.: 105, Course: Bachelor Of Technology
2017-08-22 21:58:32 INFO  AppMain:36 - 
=======DELETE RECORD=======

2017-08-22 21:58:32 INFO  DbOperations:139 - 
Student With Id?= 5 Is Successfully Deleted From The Database!

2017-08-22 21:58:32 INFO  AppMain:39 - 
=======READ RECORDS AFTER DELETION=======

2017-08-22 21:58:32 INFO  AppMain:42 - Student Details?= Id: 1, Name: Java Code Geek, Roll No.: 101, Course: Masters Of Technology
2017-08-22 21:58:32 INFO  AppMain:42 - Student Details?= Id: 2, Name: Editor 102, Roll No.: 102, Course: Bachelor Of Technology
2017-08-22 21:58:32 INFO  AppMain:42 - Student Details?= Id: 3, Name: Editor 103, Roll No.: 103, Course: Bachelor Of Technology
2017-08-22 21:58:32 INFO  AppMain:42 - Student Details?= Id: 4, Name: Editor 104, Roll No.: 104, Course: Bachelor Of Technology
2017-08-22 21:58:32 INFO  AppMain:45 - 
=======DELETE ALL RECORDS=======

2017-08-22 21:58:33 INFO  DbOperations:187 - 
Successfully Deleted All Records From The Database Table!

2017-08-22 21:58:33 INFO  AppMain:47 - 
=======READ RECORDS AFTER ALL RECORDS DELETION=======
2017-08-22 21:58:33 INFO  AppMain:50 - 
No Records Are Present In The Database Table!

2022-03-12 19:02:01 INFO  AppMain:12 - .......Hibernate Crud Operations Example.......

2022-03-12 19:02:01 INFO  AppMain:14 - 
=======CREATE RECORDS=======

2022-03-12 19:02:04 INFO  DbOperations:57 - 
Successfully Created '5' Records In The Database!

2022-03-12 19:02:04 INFO  AppMain:17 - 
=======READ RECORDS=======

2022-03-12 19:02:05 INFO  AppMain:21 - Student Details?= Id: 1, Name: Editor 101, Roll No.: 101, Course: Bachelor Of Technology
2022-03-12 19:02:05 INFO  AppMain:21 - Student Details?= Id: 2, Name: Editor 102, Roll No.: 102, Course: Bachelor Of Technology
2022-03-12 19:02:05 INFO  AppMain:21 - Student Details?= Id: 3, Name: Editor 103, Roll No.: 103, Course: Bachelor Of Technology
2022-03-12 19:02:05 INFO  AppMain:21 - Student Details?= Id: 4, Name: Editor 104, Roll No.: 104, Course: Bachelor Of Technology
2022-03-12 19:02:05 INFO  AppMain:21 - Student Details?= Id: 5, Name: Editor 105, Roll No.: 105, Course: Bachelor Of Technology
2022-03-12 19:02:05 INFO  AppMain:25 - 
=======UPDATE RECORDS=======

2022-03-12 19:02:05 INFO  DbOperations:111 - 
Student With Id?= 1 Is Successfully Updated In The Database!

2022-03-12 19:02:05 INFO  AppMain:28 - 
=======READ RECORDS AFTER UPDATION=======

2022-03-12 19:02:06 INFO  AppMain:32 - Student Details?= Id: 1, Name: Java Code Geek, Roll No.: 101, Course: Masters Of Technology
2022-03-12 19:02:06 INFO  AppMain:32 - Student Details?= Id: 2, Name: Editor 102, Roll No.: 102, Course: Bachelor Of Technology
2022-03-12 19:02:06 INFO  AppMain:32 - Student Details?= Id: 3, Name: Editor 103, Roll No.: 103, Course: Bachelor Of Technology
2022-03-12 19:02:06 INFO  AppMain:32 - Student Details?= Id: 4, Name: Editor 104, Roll No.: 104, Course: Bachelor Of Technology
2022-03-12 19:02:06 INFO  AppMain:32 - Student Details?= Id: 5, Name: Editor 105, Roll No.: 105, Course: Bachelor Of Technology
2022-03-12 19:02:06 INFO  AppMain:36 - 
=======DELETE RECORD=======

2022-03-12 19:02:07 INFO  DbOperations:138 - 
Student With Id?= 5 Is Successfully Deleted From The Database!

2022-03-12 19:02:07 INFO  AppMain:39 - 
=======READ RECORDS AFTER DELETION=======

2022-03-12 19:02:07 INFO  AppMain:42 - Student Details?= Id: 1, Name: Java Code Geek, Roll No.: 101, Course: Masters Of Technology
2022-03-12 19:02:07 INFO  AppMain:42 - Student Details?= Id: 2, Name: Editor 102, Roll No.: 102, Course: Bachelor Of Technology
2022-03-12 19:02:07 INFO  AppMain:42 - Student Details?= Id: 3, Name: Editor 103, Roll No.: 103, Course: Bachelor Of Technology
2022-03-12 19:02:07 INFO  AppMain:42 - Student Details?= Id: 4, Name: Editor 104, Roll No.: 104, Course: Bachelor Of Technology
2022-03-13 16:55:57 INFO  AppMain:12 - .......Hibernate Crud Operations Example.......

2022-03-13 16:55:57 INFO  AppMain:14 - 
=======CREATE RECORDS=======

2022-03-13 16:56:01 INFO  DbOperations:57 - 
Successfully Created '5' Records In The Database!

2022-03-13 16:56:01 INFO  AppMain:17 - 
=======READ RECORDS=======

2022-03-13 16:56:02 INFO  AppMain:21 - Student Details?= Id: 6, Name: Editor 101, Roll No.: 101, Course: Bachelor Of Technology
2022-03-13 16:56:02 INFO  AppMain:21 - Student Details?= Id: 7, Name: Editor 102, Roll No.: 102, Course: Bachelor Of Technology
2022-03-13 16:56:02 INFO  AppMain:21 - Student Details?= Id: 8, Name: Editor 103, Roll No.: 103, Course: Bachelor Of Technology
2022-03-13 16:56:02 INFO  AppMain:21 - Student Details?= Id: 9, Name: Editor 104, Roll No.: 104, Course: Bachelor Of Technology
2022-03-13 16:56:02 INFO  AppMain:21 - Student Details?= Id: 10, Name: Editor 105, Roll No.: 105, Course: Bachelor Of Technology
2022-03-13 16:56:02 INFO  AppMain:25 - 
=======UPDATE RECORDS=======

2022-03-13 16:56:02 INFO  DbOperations:114 - 
.......Transaction Is Being Rolled Back.......

2022-03-13 16:56:02 INFO  AppMain:28 - 
=======READ RECORDS AFTER UPDATION=======

2022-03-13 16:56:03 INFO  AppMain:32 - Student Details?= Id: 6, Name: Editor 101, Roll No.: 101, Course: Bachelor Of Technology
2022-03-13 16:56:03 INFO  AppMain:32 - Student Details?= Id: 7, Name: Editor 102, Roll No.: 102, Course: Bachelor Of Technology
2022-03-13 16:56:03 INFO  AppMain:32 - Student Details?= Id: 8, Name: Editor 103, Roll No.: 103, Course: Bachelor Of Technology
2022-03-13 16:56:03 INFO  AppMain:32 - Student Details?= Id: 9, Name: Editor 104, Roll No.: 104, Course: Bachelor Of Technology
2022-03-13 16:56:03 INFO  AppMain:32 - Student Details?= Id: 10, Name: Editor 105, Roll No.: 105, Course: Bachelor Of Technology
2022-03-13 16:56:03 INFO  AppMain:36 - 
=======DELETE RECORD=======

2022-03-13 16:56:03 INFO  DbOperations:141 - 
.......Transaction Is Being Rolled Back.......

2022-03-13 16:56:03 INFO  AppMain:39 - 
=======READ RECORDS AFTER DELETION=======

2022-03-13 16:56:04 INFO  AppMain:42 - Student Details?= Id: 6, Name: Editor 101, Roll No.: 101, Course: Bachelor Of Technology
2022-03-13 16:56:04 INFO  AppMain:42 - Student Details?= Id: 7, Name: Editor 102, Roll No.: 102, Course: Bachelor Of Technology
2022-03-13 16:56:04 INFO  AppMain:42 - Student Details?= Id: 8, Name: Editor 103, Roll No.: 103, Course: Bachelor Of Technology
2022-03-13 16:56:04 INFO  AppMain:42 - Student Details?= Id: 9, Name: Editor 104, Roll No.: 104, Course: Bachelor Of Technology
2022-03-13 16:56:04 INFO  AppMain:42 - Student Details?= Id: 10, Name: Editor 105, Roll No.: 105, Course: Bachelor Of Technology
2022-03-13 17:30:06 INFO  AppMain:12 - .......Hibernate Crud Operations Example.......

2022-03-13 17:30:06 INFO  AppMain:14 - 
=======CREATE RECORDS=======

2022-03-13 17:30:09 INFO  DbOperations:57 - 
Successfully Created '5' Records In The Database!

2022-03-13 17:30:09 INFO  AppMain:17 - 
=======READ RECORDS=======

2022-03-13 17:30:09 INFO  DbOperations:84 - 
.......Transaction Is Being Rolled Back.......

2022-03-13 17:30:09 INFO  AppMain:25 - 
=======UPDATE RECORDS=======

2022-03-13 17:30:10 INFO  DbOperations:111 - 
Contato With Id?= 1 Is Successfully Updated In The Database!

2022-03-13 17:30:10 INFO  AppMain:28 - 
=======READ RECORDS AFTER UPDATION=======

2022-03-13 17:30:10 INFO  DbOperations:84 - 
.......Transaction Is Being Rolled Back.......

2022-03-13 17:30:10 INFO  AppMain:36 - 
=======DELETE RECORD=======

2022-03-13 17:30:11 INFO  DbOperations:138 - 
Contato With Id?= 5 Is Successfully Deleted From The Database!

2022-03-13 17:30:11 INFO  AppMain:39 - 
=======READ RECORDS AFTER DELETION=======

2022-03-13 17:30:11 INFO  DbOperations:84 - 
.......Transaction Is Being Rolled Back.......

2022-03-13 17:37:11 INFO  AppMain:12 - .......Hibernate Crud Operations Example.......

2022-03-13 17:37:11 INFO  AppMain:14 - 
=======CREATE RECORDS=======

2022-03-13 17:37:14 INFO  DbOperations:57 - 
Successfully Created '5' Records In The Database!

2022-03-13 17:37:14 INFO  AppMain:17 - 
=======READ RECORDS=======

2022-03-13 17:37:14 INFO  DbOperations:84 - 
.......Transaction Is Being Rolled Back.......

2022-03-13 17:37:14 INFO  AppMain:25 - 
=======UPDATE RECORDS=======

2022-03-13 17:37:15 INFO  DbOperations:111 - 
Contato With Id?= 1 Is Successfully Updated In The Database!

2022-03-13 17:37:15 INFO  AppMain:28 - 
=======READ RECORDS AFTER UPDATION=======

2022-03-13 17:37:15 INFO  DbOperations:84 - 
.......Transaction Is Being Rolled Back.......

2022-03-13 17:37:15 INFO  AppMain:36 - 
=======DELETE RECORD=======

2022-03-13 17:37:16 INFO  DbOperations:141 - 
.......Transaction Is Being Rolled Back.......

2022-03-13 17:37:16 INFO  AppMain:39 - 
=======READ RECORDS AFTER DELETION=======

2022-03-13 17:37:16 INFO  DbOperations:84 - 
.......Transaction Is Being Rolled Back.......

2022-03-13 17:39:26 INFO  AppMain:12 - .......Hibernate Crud Operations Example.......

2022-03-13 17:39:26 INFO  AppMain:14 - 
=======CREATE RECORDS=======

2022-03-13 17:39:29 INFO  DbOperations:57 - 
Successfully Created '5' Records In The Database!

2022-03-13 17:39:29 INFO  AppMain:17 - 
=======READ RECORDS=======

2022-03-13 17:39:29 INFO  AppMain:21 - Contato Details?= Id: 1, Nome: Jose, REndereco: AV AAA, 777, Telefone: (31)9999-8877
2022-03-13 17:39:29 INFO  AppMain:21 - Contato Details?= Id: 2, Nome: aluno 102, REndereco: RUA XXXXX, 999, Telefone: (31)9999-8877
2022-03-13 17:39:29 INFO  AppMain:21 - Contato Details?= Id: 3, Nome: aluno 103, REndereco: RUA XXXXX, 999, Telefone: (31)9999-8877
2022-03-13 17:39:29 INFO  AppMain:21 - Contato Details?= Id: 4, Nome: aluno 104, REndereco: RUA XXXXX, 999, Telefone: (31)9999-8877
2022-03-13 17:39:29 INFO  AppMain:21 - Contato Details?= Id: 6, Nome: aluno 101, REndereco: RUA XXXXX, 999, Telefone: (31)9999-8877
2022-03-13 17:39:29 INFO  AppMain:21 - Contato Details?= Id: 7, Nome: aluno 102, REndereco: RUA XXXXX, 999, Telefone: (31)9999-8877
2022-03-13 17:39:29 INFO  AppMain:21 - Contato Details?= Id: 8, Nome: aluno 103, REndereco: RUA XXXXX, 999, Telefone: (31)9999-8877
2022-03-13 17:39:29 INFO  AppMain:21 - Contato Details?= Id: 9, Nome: aluno 104, REndereco: RUA XXXXX, 999, Telefone: (31)9999-8877
2022-03-13 17:39:29 INFO  AppMain:21 - Contato Details?= Id: 10, Nome: aluno 105, REndereco: RUA XXXXX, 999, Telefone: (31)9999-8877
2022-03-13 17:39:29 INFO  AppMain:21 - Contato Details?= Id: 11, Nome: aluno 101, REndereco: RUA XXXXX, 999, Telefone: (31)9999-8877
2022-03-13 17:39:29 INFO  AppMain:21 - Contato Details?= Id: 12, Nome: aluno 102, REndereco: RUA XXXXX, 999, Telefone: (31)9999-8877
2022-03-13 17:39:29 INFO  AppMain:21 - Contato Details?= Id: 13, Nome: aluno 103, REndereco: RUA XXXXX, 999, Telefone: (31)9999-8877
2022-03-13 17:39:29 INFO  AppMain:21 - Contato Details?= Id: 14, Nome: aluno 104, REndereco: RUA XXXXX, 999, Telefone: (31)9999-8877
2022-03-13 17:39:29 INFO  AppMain:21 - Contato Details?= Id: 15, Nome: aluno 105, REndereco: RUA XXXXX, 999, Telefone: (31)9999-8877
2022-03-13 17:39:29 INFO  AppMain:25 - 
=======UPDATE RECORDS=======

2022-03-13 17:39:29 INFO  DbOperations:111 - 
Contato With Id?= 1 Is Successfully Updated In The Database!

2022-03-13 17:39:29 INFO  AppMain:28 - 
=======READ RECORDS AFTER UPDATION=======

2022-03-13 17:39:30 INFO  AppMain:32 - Contato Details?= Id: 1, Nome: Jose, REndereco: AV AAA, 777, Telefone: (31)9999-8877
2022-03-13 17:39:30 INFO  AppMain:32 - Contato Details?= Id: 2, Nome: aluno 102, REndereco: RUA XXXXX, 999, Telefone: (31)9999-8877
2022-03-13 17:39:30 INFO  AppMain:32 - Contato Details?= Id: 3, Nome: aluno 103, REndereco: RUA XXXXX, 999, Telefone: (31)9999-8877
2022-03-13 17:39:30 INFO  AppMain:32 - Contato Details?= Id: 4, Nome: aluno 104, REndereco: RUA XXXXX, 999, Telefone: (31)9999-8877
2022-03-13 17:39:30 INFO  AppMain:32 - Contato Details?= Id: 6, Nome: aluno 101, REndereco: RUA XXXXX, 999, Telefone: (31)9999-8877
2022-03-13 17:39:30 INFO  AppMain:32 - Contato Details?= Id: 7, Nome: aluno 102, REndereco: RUA XXXXX, 999, Telefone: (31)9999-8877
2022-03-13 17:39:30 INFO  AppMain:32 - Contato Details?= Id: 8, Nome: aluno 103, REndereco: RUA XXXXX, 999, Telefone: (31)9999-8877
2022-03-13 17:39:30 INFO  AppMain:32 - Contato Details?= Id: 9, Nome: aluno 104, REndereco: RUA XXXXX, 999, Telefone: (31)9999-8877
2022-03-13 17:39:30 INFO  AppMain:32 - Contato Details?= Id: 10, Nome: aluno 105, REndereco: RUA XXXXX, 999, Telefone: (31)9999-8877
2022-03-13 17:39:30 INFO  AppMain:32 - Contato Details?= Id: 11, Nome: aluno 101, REndereco: RUA XXXXX, 999, Telefone: (31)9999-8877
2022-03-13 17:39:30 INFO  AppMain:32 - Contato Details?= Id: 12, Nome: aluno 102, REndereco: RUA XXXXX, 999, Telefone: (31)9999-8877
2022-03-13 17:39:30 INFO  AppMain:32 - Contato Details?= Id: 13, Nome: aluno 103, REndereco: RUA XXXXX, 999, Telefone: (31)9999-8877
2022-03-13 17:39:30 INFO  AppMain:32 - Contato Details?= Id: 14, Nome: aluno 104, REndereco: RUA XXXXX, 999, Telefone: (31)9999-8877
2022-03-13 17:39:30 INFO  AppMain:32 - Contato Details?= Id: 15, Nome: aluno 105, REndereco: RUA XXXXX, 999, Telefone: (31)9999-8877
2022-03-13 17:39:30 INFO  AppMain:36 - 
=======DELETE RECORD=======

2022-03-13 17:39:30 INFO  DbOperations:141 - 
.......Transaction Is Being Rolled Back.......

2022-03-13 17:39:30 INFO  AppMain:39 - 
=======READ RECORDS AFTER DELETION=======

2022-03-13 17:39:30 INFO  AppMain:42 - Contato Details?= Id: 1, Nome: Jose, REndereco: AV AAA, 777, Telefone: (31)9999-8877
2022-03-13 17:39:30 INFO  AppMain:42 - Contato Details?= Id: 2, Nome: aluno 102, REndereco: RUA XXXXX, 999, Telefone: (31)9999-8877
2022-03-13 17:39:30 INFO  AppMain:42 - Contato Details?= Id: 3, Nome: aluno 103, REndereco: RUA XXXXX, 999, Telefone: (31)9999-8877
2022-03-13 17:39:30 INFO  AppMain:42 - Contato Details?= Id: 4, Nome: aluno 104, REndereco: RUA XXXXX, 999, Telefone: (31)9999-8877
2022-03-13 17:39:30 INFO  AppMain:42 - Contato Details?= Id: 6, Nome: aluno 101, REndereco: RUA XXXXX, 999, Telefone: (31)9999-8877
2022-03-13 17:39:30 INFO  AppMain:42 - Contato Details?= Id: 7, Nome: aluno 102, REndereco: RUA XXXXX, 999, Telefone: (31)9999-8877
2022-03-13 17:39:30 INFO  AppMain:42 - Contato Details?= Id: 8, Nome: aluno 103, REndereco: RUA XXXXX, 999, Telefone: (31)9999-8877
2022-03-13 17:39:30 INFO  AppMain:42 - Contato Details?= Id: 9, Nome: aluno 104, REndereco: RUA XXXXX, 999, Telefone: (31)9999-8877
2022-03-13 17:39:30 INFO  AppMain:42 - Contato Details?= Id: 10, Nome: aluno 105, REndereco: RUA XXXXX, 999, Telefone: (31)9999-8877
2022-03-13 17:39:30 INFO  AppMain:42 - Contato Details?= Id: 11, Nome: aluno 101, REndereco: RUA XXXXX, 999, Telefone: (31)9999-8877
2022-03-13 17:39:30 INFO  AppMain:42 - Contato Details?= Id: 12, Nome: aluno 102, REndereco: RUA XXXXX, 999, Telefone: (31)9999-8877
2022-03-13 17:39:30 INFO  AppMain:42 - Contato Details?= Id: 13, Nome: aluno 103, REndereco: RUA XXXXX, 999, Telefone: (31)9999-8877
2022-03-13 17:39:30 INFO  AppMain:42 - Contato Details?= Id: 14, Nome: aluno 104, REndereco: RUA XXXXX, 999, Telefone: (31)9999-8877
2022-03-13 17:39:30 INFO  AppMain:42 - Contato Details?= Id: 15, Nome: aluno 105, REndereco: RUA XXXXX, 999, Telefone: (31)9999-8877
2022-03-13 17:41:58 INFO  AppMain:12 - .......Hibernate Crud Operations Example.......

2022-03-13 17:41:58 INFO  AppMain:14 - 
=======CREATE RECORDS=======

2022-03-13 17:42:01 INFO  DbOperations:57 - 
Successfully Created '5' Records In The Database!

2022-03-13 17:42:01 INFO  AppMain:17 - 
=======READ RECORDS=======

2022-03-13 17:42:02 INFO  AppMain:21 - Contato Details?= Id: 1, Nome: Jose, REndereco: AV AAA, 777, Telefone: (31)9999-8877
2022-03-13 17:42:02 INFO  AppMain:21 - Contato Details?= Id: 2, Nome: aluno 102, REndereco: RUA XXXXX, 999, Telefone: (31)9999-8877
2022-03-13 17:42:02 INFO  AppMain:21 - Contato Details?= Id: 3, Nome: aluno 103, REndereco: RUA XXXXX, 999, Telefone: (31)9999-8877
2022-03-13 17:42:02 INFO  AppMain:21 - Contato Details?= Id: 4, Nome: aluno 104, REndereco: RUA XXXXX, 999, Telefone: (31)9999-8877
2022-03-13 17:42:02 INFO  AppMain:21 - Contato Details?= Id: 6, Nome: aluno 101, REndereco: RUA XXXXX, 999, Telefone: (31)9999-8877
2022-03-13 17:42:02 INFO  AppMain:21 - Contato Details?= Id: 7, Nome: aluno 102, REndereco: RUA XXXXX, 999, Telefone: (31)9999-8877
2022-03-13 17:42:02 INFO  AppMain:21 - Contato Details?= Id: 8, Nome: aluno 103, REndereco: RUA XXXXX, 999, Telefone: (31)9999-8877
2022-03-13 17:42:02 INFO  AppMain:21 - Contato Details?= Id: 9, Nome: aluno 104, REndereco: RUA XXXXX, 999, Telefone: (31)9999-8877
2022-03-13 17:42:02 INFO  AppMain:21 - Contato Details?= Id: 10, Nome: aluno 105, REndereco: RUA XXXXX, 999, Telefone: (31)9999-8877
2022-03-13 17:42:02 INFO  AppMain:21 - Contato Details?= Id: 11, Nome: aluno 101, REndereco: RUA XXXXX, 999, Telefone: (31)9999-8877
2022-03-13 17:42:02 INFO  AppMain:21 - Contato Details?= Id: 12, Nome: aluno 102, REndereco: RUA XXXXX, 999, Telefone: (31)9999-8877
2022-03-13 17:42:02 INFO  AppMain:21 - Contato Details?= Id: 13, Nome: aluno 103, REndereco: RUA XXXXX, 999, Telefone: (31)9999-8877
2022-03-13 17:42:02 INFO  AppMain:21 - Contato Details?= Id: 14, Nome: aluno 104, REndereco: RUA XXXXX, 999, Telefone: (31)9999-8877
2022-03-13 17:42:02 INFO  AppMain:21 - Contato Details?= Id: 15, Nome: aluno 105, REndereco: RUA XXXXX, 999, Telefone: (31)9999-8877
2022-03-13 17:42:02 INFO  AppMain:21 - Contato Details?= Id: 16, Nome: aluno 101, REndereco: RUA XXXXX, 999, Telefone: (31)9999-8877
2022-03-13 17:42:02 INFO  AppMain:21 - Contato Details?= Id: 17, Nome: aluno 102, REndereco: RUA XXXXX, 999, Telefone: (31)9999-8877
2022-03-13 17:42:02 INFO  AppMain:21 - Contato Details?= Id: 18, Nome: aluno 103, REndereco: RUA XXXXX, 999, Telefone: (31)9999-8877
2022-03-13 17:42:02 INFO  AppMain:21 - Contato Details?= Id: 19, Nome: aluno 104, REndereco: RUA XXXXX, 999, Telefone: (31)9999-8877
2022-03-13 17:42:02 INFO  AppMain:21 - Contato Details?= Id: 20, Nome: aluno 105, REndereco: RUA XXXXX, 999, Telefone: (31)9999-8877
2022-03-13 17:42:02 INFO  AppMain:25 - 
=======UPDATE RECORDS=======

2022-03-13 17:42:02 INFO  DbOperations:111 - 
Contato With Id?= 1 Is Successfully Updated In The Database!

2022-03-13 17:42:02 INFO  AppMain:28 - 
=======READ RECORDS AFTER UPDATION=======

2022-03-13 17:42:02 INFO  AppMain:32 - Contato Details?= Id: 1, Nome: Jose, REndereco: AV AAA, 777, Telefone: (31)9999-8877
2022-03-13 17:42:02 INFO  AppMain:32 - Contato Details?= Id: 2, Nome: aluno 102, REndereco: RUA XXXXX, 999, Telefone: (31)9999-8877
2022-03-13 17:42:02 INFO  AppMain:32 - Contato Details?= Id: 3, Nome: aluno 103, REndereco: RUA XXXXX, 999, Telefone: (31)9999-8877
2022-03-13 17:42:02 INFO  AppMain:32 - Contato Details?= Id: 4, Nome: aluno 104, REndereco: RUA XXXXX, 999, Telefone: (31)9999-8877
2022-03-13 17:42:02 INFO  AppMain:32 - Contato Details?= Id: 6, Nome: aluno 101, REndereco: RUA XXXXX, 999, Telefone: (31)9999-8877
2022-03-13 17:42:02 INFO  AppMain:32 - Contato Details?= Id: 7, Nome: aluno 102, REndereco: RUA XXXXX, 999, Telefone: (31)9999-8877
2022-03-13 17:42:02 INFO  AppMain:32 - Contato Details?= Id: 8, Nome: aluno 103, REndereco: RUA XXXXX, 999, Telefone: (31)9999-8877
2022-03-13 17:42:02 INFO  AppMain:32 - Contato Details?= Id: 9, Nome: aluno 104, REndereco: RUA XXXXX, 999, Telefone: (31)9999-8877
2022-03-13 17:42:02 INFO  AppMain:32 - Contato Details?= Id: 10, Nome: aluno 105, REndereco: RUA XXXXX, 999, Telefone: (31)9999-8877
2022-03-13 17:42:02 INFO  AppMain:32 - Contato Details?= Id: 11, Nome: aluno 101, REndereco: RUA XXXXX, 999, Telefone: (31)9999-8877
2022-03-13 17:42:02 INFO  AppMain:32 - Contato Details?= Id: 12, Nome: aluno 102, REndereco: RUA XXXXX, 999, Telefone: (31)9999-8877
2022-03-13 17:42:02 INFO  AppMain:32 - Contato Details?= Id: 13, Nome: aluno 103, REndereco: RUA XXXXX, 999, Telefone: (31)9999-8877
2022-03-13 17:42:02 INFO  AppMain:32 - Contato Details?= Id: 14, Nome: aluno 104, REndereco: RUA XXXXX, 999, Telefone: (31)9999-8877
2022-03-13 17:42:02 INFO  AppMain:32 - Contato Details?= Id: 15, Nome: aluno 105, REndereco: RUA XXXXX, 999, Telefone: (31)9999-8877
2022-03-13 17:42:02 INFO  AppMain:32 - Contato Details?= Id: 16, Nome: aluno 101, REndereco: RUA XXXXX, 999, Telefone: (31)9999-8877
2022-03-13 17:42:02 INFO  AppMain:32 - Contato Details?= Id: 17, Nome: aluno 102, REndereco: RUA XXXXX, 999, Telefone: (31)9999-8877
2022-03-13 17:42:02 INFO  AppMain:32 - Contato Details?= Id: 18, Nome: aluno 103, REndereco: RUA XXXXX, 999, Telefone: (31)9999-8877
2022-03-13 17:42:02 INFO  AppMain:32 - Contato Details?= Id: 19, Nome: aluno 104, REndereco: RUA XXXXX, 999, Telefone: (31)9999-8877
2022-03-13 17:42:02 INFO  AppMain:32 - Contato Details?= Id: 20, Nome: aluno 105, REndereco: RUA XXXXX, 999, Telefone: (31)9999-8877
2022-03-13 17:42:02 INFO  AppMain:36 - 
=======DELETE RECORD=======

2022-03-13 17:42:03 INFO  DbOperations:141 - 
.......Transaction Is Being Rolled Back.......

2022-03-13 17:42:03 INFO  AppMain:39 - 
=======READ RECORDS AFTER DELETION=======

2022-03-13 17:42:03 INFO  AppMain:42 - Contato Details?= Id: 1, Nome: Jose, REndereco: AV AAA, 777, Telefone: (31)9999-8877
2022-03-13 17:42:03 INFO  AppMain:42 - Contato Details?= Id: 2, Nome: aluno 102, REndereco: RUA XXXXX, 999, Telefone: (31)9999-8877
2022-03-13 17:42:03 INFO  AppMain:42 - Contato Details?= Id: 3, Nome: aluno 103, REndereco: RUA XXXXX, 999, Telefone: (31)9999-8877
2022-03-13 17:42:03 INFO  AppMain:42 - Contato Details?= Id: 4, Nome: aluno 104, REndereco: RUA XXXXX, 999, Telefone: (31)9999-8877
2022-03-13 17:42:03 INFO  AppMain:42 - Contato Details?= Id: 6, Nome: aluno 101, REndereco: RUA XXXXX, 999, Telefone: (31)9999-8877
2022-03-13 17:42:03 INFO  AppMain:42 - Contato Details?= Id: 7, Nome: aluno 102, REndereco: RUA XXXXX, 999, Telefone: (31)9999-8877
2022-03-13 17:42:03 INFO  AppMain:42 - Contato Details?= Id: 8, Nome: aluno 103, REndereco: RUA XXXXX, 999, Telefone: (31)9999-8877
2022-03-13 17:42:03 INFO  AppMain:42 - Contato Details?= Id: 9, Nome: aluno 104, REndereco: RUA XXXXX, 999, Telefone: (31)9999-8877
2022-03-13 17:42:03 INFO  AppMain:42 - Contato Details?= Id: 10, Nome: aluno 105, REndereco: RUA XXXXX, 999, Telefone: (31)9999-8877
2022-03-13 17:42:03 INFO  AppMain:42 - Contato Details?= Id: 11, Nome: aluno 101, REndereco: RUA XXXXX, 999, Telefone: (31)9999-8877
2022-03-13 17:42:03 INFO  AppMain:42 - Contato Details?= Id: 12, Nome: aluno 102, REndereco: RUA XXXXX, 999, Telefone: (31)9999-8877
2022-03-13 17:42:03 INFO  AppMain:42 - Contato Details?= Id: 13, Nome: aluno 103, REndereco: RUA XXXXX, 999, Telefone: (31)9999-8877
2022-03-13 17:42:03 INFO  AppMain:42 - Contato Details?= Id: 14, Nome: aluno 104, REndereco: RUA XXXXX, 999, Telefone: (31)9999-8877
2022-03-13 17:42:03 INFO  AppMain:42 - Contato Details?= Id: 15, Nome: aluno 105, REndereco: RUA XXXXX, 999, Telefone: (31)9999-8877
2022-03-13 17:42:03 INFO  AppMain:42 - Contato Details?= Id: 16, Nome: aluno 101, REndereco: RUA XXXXX, 999, Telefone: (31)9999-8877
2022-03-13 17:42:03 INFO  AppMain:42 - Contato Details?= Id: 17, Nome: aluno 102, REndereco: RUA XXXXX, 999, Telefone: (31)9999-8877
2022-03-13 17:42:03 INFO  AppMain:42 - Contato Details?= Id: 18, Nome: aluno 103, REndereco: RUA XXXXX, 999, Telefone: (31)9999-8877
2022-03-13 17:42:03 INFO  AppMain:42 - Contato Details?= Id: 19, Nome: aluno 104, REndereco: RUA XXXXX, 999, Telefone: (31)9999-8877
2022-03-13 17:42:03 INFO  AppMain:42 - Contato Details?= Id: 20, Nome: aluno 105, REndereco: RUA XXXXX, 999, Telefone: (31)9999-8877
2023-02-28 22:40:43 INFO  AppMain:12 - .......Hibernate Crud Operations Example.......

2023-02-28 22:40:43 INFO  AppMain:14 - 
=======CREATE RECORDS=======

2023-02-28 22:43:19 INFO  AppMain:12 - .......Hibernate Crud Operations Example.......

2023-02-28 22:43:19 INFO  AppMain:14 - 
=======CREATE RECORDS=======

2023-02-28 22:44:41 INFO  AppMain:12 - .......Hibernate Crud Operations Example.......

2023-02-28 22:44:41 INFO  AppMain:14 - 
=======CREATE RECORDS=======

2023-02-28 22:47:34 INFO  AppMain:12 - .......Hibernate Crud Operations Example.......

2023-02-28 22:47:34 INFO  AppMain:14 - 
=======CREATE RECORDS=======

2023-02-28 22:49:52 INFO  AppMain:12 - .......Hibernate Crud Operations Example.......

2023-02-28 22:49:52 INFO  AppMain:14 - 
=======CREATE RECORDS=======

2023-02-28 22:50:02 INFO  AppMain:12 - .......Hibernate Crud Operations Example.......

2023-02-28 22:50:02 INFO  AppMain:14 - 
=======CREATE RECORDS=======

2023-02-28 22:53:02 INFO  AppMain:12 - .......Hibernate Crud Operations Example.......

2023-02-28 22:53:02 INFO  AppMain:14 - 
=======CREATE RECORDS=======

2023-03-02 07:37:23 INFO  AppMain:12 - .......Hibernate Crud Operations Example.......

2023-03-02 07:37:23 INFO  AppMain:14 - 
=======CREATE RECORDS=======

2023-03-02 07:42:21 INFO  AppMain:12 - .......Hibernate Crud Operations Example.......

2023-03-02 07:42:21 INFO  AppMain:14 - 
=======CREATE RECORDS=======

2023-03-02 07:42:23 INFO  DbOperations:57 - 
Successfully Created '5' Records In The Database!

2023-03-02 07:42:23 INFO  AppMain:17 - 
=======READ RECORDS=======

2023-03-02 07:42:23 INFO  AppMain:21 - Contato Details?= Id: 51, Nome: aluno 101, REndereco: RUA XXXXX, 999, Telefone: (31)9999-8877
2023-03-02 07:42:23 INFO  AppMain:21 - Contato Details?= Id: 52, Nome: aluno 102, REndereco: RUA XXXXX, 999, Telefone: (31)9999-8877
2023-03-02 07:42:23 INFO  AppMain:21 - Contato Details?= Id: 53, Nome: aluno 103, REndereco: RUA XXXXX, 999, Telefone: (31)9999-8877
2023-03-02 07:42:23 INFO  AppMain:21 - Contato Details?= Id: 54, Nome: aluno 104, REndereco: RUA XXXXX, 999, Telefone: (31)9999-8877
2023-03-02 07:42:23 INFO  AppMain:21 - Contato Details?= Id: 55, Nome: aluno 105, REndereco: RUA XXXXX, 999, Telefone: (31)9999-8877
2023-03-02 07:42:23 INFO  AppMain:25 - 
=======UPDATE RECORDS=======

2023-03-02 07:42:24 INFO  DbOperations:114 - 
.......Transaction Is Being Rolled Back.......

2023-03-02 07:42:24 INFO  AppMain:28 - 
=======READ RECORDS AFTER UPDATION=======

2023-03-02 07:42:24 INFO  AppMain:32 - Contato Details?= Id: 51, Nome: aluno 101, REndereco: RUA XXXXX, 999, Telefone: (31)9999-8877
2023-03-02 07:42:24 INFO  AppMain:32 - Contato Details?= Id: 52, Nome: aluno 102, REndereco: RUA XXXXX, 999, Telefone: (31)9999-8877
2023-03-02 07:42:24 INFO  AppMain:32 - Contato Details?= Id: 53, Nome: aluno 103, REndereco: RUA XXXXX, 999, Telefone: (31)9999-8877
2023-03-02 07:42:24 INFO  AppMain:32 - Contato Details?= Id: 54, Nome: aluno 104, REndereco: RUA XXXXX, 999, Telefone: (31)9999-8877
2023-03-02 07:42:24 INFO  AppMain:32 - Contato Details?= Id: 55, Nome: aluno 105, REndereco: RUA XXXXX, 999, Telefone: (31)9999-8877
2023-03-02 07:42:24 INFO  AppMain:36 - 
=======DELETE RECORD=======

2023-03-02 07:42:25 INFO  DbOperations:141 - 
.......Transaction Is Being Rolled Back.......

2023-03-02 07:42:25 INFO  AppMain:39 - 
=======READ RECORDS AFTER DELETION=======

2023-03-02 07:42:26 INFO  AppMain:42 - Contato Details?= Id: 51, Nome: aluno 101, REndereco: RUA XXXXX, 999, Telefone: (31)9999-8877
2023-03-02 07:42:26 INFO  AppMain:42 - Contato Details?= Id: 52, Nome: aluno 102, REndereco: RUA XXXXX, 999, Telefone: (31)9999-8877
2023-03-02 07:42:26 INFO  AppMain:42 - Contato Details?= Id: 53, Nome: aluno 103, REndereco: RUA XXXXX, 999, Telefone: (31)9999-8877
2023-03-02 07:42:26 INFO  AppMain:42 - Contato Details?= Id: 54, Nome: aluno 104, REndereco: RUA XXXXX, 999, Telefone: (31)9999-8877
2023-03-02 07:42:26 INFO  AppMain:42 - Contato Details?= Id: 55, Nome: aluno 105, REndereco: RUA XXXXX, 999, Telefone: (31)9999-8877
2023-03-02 07:47:00 INFO  AppMain:12 - .......Hibernate Crud Operations Example.......

2023-03-02 07:47:00 INFO  AppMain:14 - 
=======CREATE RECORDS=======

2023-03-02 07:47:02 INFO  DbOperations:57 - 
Successfully Created '5' Records In The Database!

2023-03-02 07:47:02 INFO  AppMain:17 - 
=======READ RECORDS=======

2023-03-02 07:47:02 INFO  AppMain:21 - Contato Details?= Id: 56, Nome: aluno 101, REndereco: RUA XXXXX, 999, Telefone: (31)9999-8877
2023-03-02 07:47:02 INFO  AppMain:21 - Contato Details?= Id: 57, Nome: aluno 102, REndereco: RUA XXXXX, 999, Telefone: (31)9999-8877
2023-03-02 07:47:02 INFO  AppMain:21 - Contato Details?= Id: 58, Nome: aluno 103, REndereco: RUA XXXXX, 999, Telefone: (31)9999-8877
2023-03-02 07:47:02 INFO  AppMain:21 - Contato Details?= Id: 59, Nome: aluno 104, REndereco: RUA XXXXX, 999, Telefone: (31)9999-8877
2023-03-02 07:47:02 INFO  AppMain:21 - Contato Details?= Id: 60, Nome: aluno 105, REndereco: RUA XXXXX, 999, Telefone: (31)9999-8877
2023-03-02 07:47:02 INFO  AppMain:25 - 
=======UPDATE RECORDS=======

2023-03-02 07:47:03 INFO  DbOperations:114 - 
.......Transaction Is Being Rolled Back.......

2023-03-02 07:47:03 INFO  AppMain:30 - 
=======READ RECORDS AFTER UPDATION=======

2023-03-02 07:47:03 INFO  AppMain:34 - Contato Details?= Id: 56, Nome: aluno 101, REndereco: RUA XXXXX, 999, Telefone: (31)9999-8877
2023-03-02 07:47:03 INFO  AppMain:34 - Contato Details?= Id: 57, Nome: aluno 102, REndereco: RUA XXXXX, 999, Telefone: (31)9999-8877
2023-03-02 07:47:03 INFO  AppMain:34 - Contato Details?= Id: 58, Nome: aluno 103, REndereco: RUA XXXXX, 999, Telefone: (31)9999-8877
2023-03-02 07:47:03 INFO  AppMain:34 - Contato Details?= Id: 59, Nome: aluno 104, REndereco: RUA XXXXX, 999, Telefone: (31)9999-8877
2023-03-02 07:47:03 INFO  AppMain:34 - Contato Details?= Id: 60, Nome: aluno 105, REndereco: RUA XXXXX, 999, Telefone: (31)9999-8877
2023-03-02 07:47:03 INFO  AppMain:38 - 
=======DELETE RECORD=======

2023-03-02 07:47:04 INFO  DbOperations:141 - 
.......Transaction Is Being Rolled Back.......

2023-03-02 07:47:04 INFO  AppMain:41 - 
=======READ RECORDS AFTER DELETION=======

2023-03-02 07:47:04 INFO  AppMain:44 - Contato Details?= Id: 56, Nome: aluno 101, REndereco: RUA XXXXX, 999, Telefone: (31)9999-8877
2023-03-02 07:47:04 INFO  AppMain:44 - Contato Details?= Id: 57, Nome: aluno 102, REndereco: RUA XXXXX, 999, Telefone: (31)9999-8877
2023-03-02 07:47:04 INFO  AppMain:44 - Contato Details?= Id: 58, Nome: aluno 103, REndereco: RUA XXXXX, 999, Telefone: (31)9999-8877
2023-03-02 07:47:04 INFO  AppMain:44 - Contato Details?= Id: 59, Nome: aluno 104, REndereco: RUA XXXXX, 999, Telefone: (31)9999-8877
2023-03-02 07:47:04 INFO  AppMain:44 - Contato Details?= Id: 60, Nome: aluno 105, REndereco: RUA XXXXX, 999, Telefone: (31)9999-8877
2023-03-10 08:53:51 INFO  AppMain:12 - .......Hibernate Crud Operations Example.......

2023-03-10 08:53:51 INFO  AppMain:14 - 
=======CREATE RECORDS=======

2023-03-10 08:54:12 INFO  AppMain:12 - .......Hibernate Crud Operations Example.......

2023-03-10 08:54:12 INFO  AppMain:14 - 
=======CREATE RECORDS=======

2023-03-10 08:56:46 INFO  AppMain:12 - .......Hibernate Crud Operations Example.......

2023-03-10 08:56:46 INFO  AppMain:14 - 
=======CREATE RECORDS=======

2023-03-10 08:57:11 INFO  AppMain:12 - .......Hibernate Crud Operations Example.......

2023-03-10 08:57:11 INFO  AppMain:14 - 
=======CREATE RECORDS=======

2023-03-10 08:57:23 INFO  AppMain:12 - .......Hibernate Crud Operations Example.......

2023-03-10 08:57:23 INFO  AppMain:14 - 
=======CREATE RECORDS=======

2023-03-10 08:58:12 INFO  AppMain:12 - .......Hibernate Crud Operations Example.......

2023-03-10 08:58:12 INFO  AppMain:14 - 
=======CREATE RECORDS=======

2023-03-10 08:59:20 INFO  AppMain:12 - .......Hibernate Crud Operations Example.......

2023-03-10 08:59:20 INFO  AppMain:14 - 
=======CREATE RECORDS=======

2023-03-10 09:11:28 INFO  AppMain:12 - .......Hibernate Crud Operations Example.......

2023-03-10 09:11:28 INFO  AppMain:14 - 
=======CREATE RECORDS=======

2023-03-10 09:12:26 INFO  AppMain:12 - .......Hibernate Crud Operations Example.......

2023-03-10 09:12:26 INFO  AppMain:14 - 
=======CREATE RECORDS=======

2023-03-10 09:12:53 INFO  AppMain:12 - .......Hibernate Crud Operations Example.......

2023-03-10 09:12:53 INFO  AppMain:14 - 
=======CREATE RECORDS=======

2023-03-10 09:13:07 INFO  AppMain:12 - .......Hibernate Crud Operations Example.......

2023-03-10 09:13:07 INFO  AppMain:14 - 
=======CREATE RECORDS=======

2023-03-10 09:14:15 INFO  AppMain:12 - .......Hibernate Crud Operations Example.......

2023-03-10 09:14:15 INFO  AppMain:14 - 
=======CREATE RECORDS=======

2023-03-10 09:48:50 INFO  AppMain:12 - .......Hibernate Crud Operations Example.......

2023-03-10 09:48:50 INFO  AppMain:14 - 
=======CREATE RECORDS=======

2023-03-10 09:51:58 INFO  AppMain:12 - .......Hibernate Crud Operations Example.......

2023-03-10 09:51:58 INFO  AppMain:14 - 
=======CREATE RECORDS=======

2023-03-10 09:52:04 INFO  AppMain:17 - 
=======READ RECORDS=======

2023-03-10 09:52:49 INFO  AppMain:12 - .......Hibernate Crud Operations Example.......

2023-03-10 09:52:49 INFO  AppMain:14 - 
=======CREATE RECORDS=======

2023-03-10 09:52:55 INFO  AppMain:17 - 
=======READ RECORDS=======

2023-03-10 09:52:55 INFO  AppMain:25 - 
=======UPDATE RECORDS=======

2023-03-10 09:55:18 INFO  AppMain:12 - .......Hibernate Crud Operations Example.......

2023-03-10 09:55:18 INFO  AppMain:14 - 
=======CREATE RECORDS=======

2023-03-10 09:56:45 INFO  AppMain:12 - .......Hibernate Crud Operations Example.......

2023-03-10 09:56:45 INFO  AppMain:14 - 
=======CREATE RECORDS=======

2023-03-10 09:56:49 INFO  AppMain:17 - 
=======READ RECORDS=======

2023-03-10 09:56:49 INFO  AppMain:25 - 
=======UPDATE RECORDS=======

2023-03-10 09:57:36 INFO  AppMain:12 - .......Hibernate Crud Operations Example.......

2023-03-10 09:57:36 INFO  AppMain:14 - 
=======CREATE RECORDS=======

2023-03-10 09:57:36 INFO  AppMain:17 - 
=======READ RECORDS=======

2023-03-10 09:57:36 INFO  AppMain:25 - 
=======UPDATE RECORDS=======

2023-03-10 09:58:38 INFO  AppMain:12 - .......Hibernate Crud Operations Example.......

2023-03-10 09:58:38 INFO  AppMain:14 - 
=======CREATE RECORDS=======

2023-03-10 09:58:38 INFO  AppMain:17 - 
=======READ RECORDS=======

2023-03-10 09:58:38 INFO  AppMain:25 - 
=======UPDATE RECORDS=======

2023-03-10 09:58:38 INFO  AppMain:30 - 
=======READ RECORDS AFTER UPDATION=======

2023-03-10 09:58:38 INFO  AppMain:38 - 
=======DELETE RECORD=======

2023-03-10 09:58:55 INFO  AppMain:12 - .......Hibernate Crud Operations Example.......

2023-03-10 09:58:55 INFO  AppMain:14 - 
=======CREATE RECORDS=======

2023-03-10 09:58:55 INFO  AppMain:17 - 
=======READ RECORDS=======

2023-03-10 09:58:55 INFO  AppMain:25 - 
=======UPDATE RECORDS=======

2023-03-10 09:58:55 INFO  AppMain:30 - 
=======READ RECORDS AFTER UPDATION=======

2023-03-10 09:58:55 INFO  AppMain:38 - 
=======DELETE RECORD=======

2023-03-10 09:58:55 INFO  AppMain:41 - 
=======READ RECORDS AFTER DELETION=======

2023-03-10 10:00:28 INFO  AppMain:12 - .......Hibernate Crud Operations Example.......

2023-03-10 10:00:28 INFO  AppMain:14 - 
=======CREATE RECORDS=======

2023-03-10 10:00:29 ERROR SqlExceptionHelper:146 - Table 'bdpl.CONTATOS_729280' doesn't exist
2023-03-10 10:00:29 INFO  DbOperations:62 - 
.......Transaction Is Being Rolled Back.......

2023-03-10 10:00:29 INFO  AppMain:17 - 
=======READ RECORDS=======

2023-03-10 10:00:29 ERROR SqlExceptionHelper:146 - Table 'bdpl.CONTATOS_729280' doesn't exist
2023-03-10 10:00:29 INFO  DbOperations:86 - 
.......Transaction Is Being Rolled Back.......

2023-03-10 10:00:29 INFO  AppMain:25 - 
=======UPDATE RECORDS=======

2023-03-10 10:00:30 ERROR SqlExceptionHelper:146 - Table 'bdpl.CONTATOS_729280' doesn't exist
2023-03-10 10:00:30 INFO  DbOperations:116 - 
.......Transaction Is Being Rolled Back.......

2023-03-10 10:00:30 INFO  AppMain:30 - 
=======READ RECORDS AFTER UPDATION=======

2023-03-10 10:00:30 ERROR SqlExceptionHelper:146 - Table 'bdpl.CONTATOS_729280' doesn't exist
2023-03-10 10:00:30 INFO  DbOperations:86 - 
.......Transaction Is Being Rolled Back.......

2023-03-10 10:00:30 INFO  AppMain:38 - 
=======DELETE RECORD=======

2023-03-10 10:00:31 ERROR SqlExceptionHelper:146 - Table 'bdpl.CONTATOS_729280' doesn't exist
2023-03-10 10:00:31 INFO  DbOperations:144 - 
.......Transaction Is Being Rolled Back.......

2023-03-10 10:00:31 INFO  AppMain:41 - 
=======READ RECORDS AFTER DELETION=======

2023-03-10 10:00:31 ERROR SqlExceptionHelper:146 - Table 'bdpl.CONTATOS_729280' doesn't exist
2023-03-10 10:00:31 INFO  DbOperations:86 - 
.......Transaction Is Being Rolled Back.......

2023-03-10 10:07:34 INFO  AppMain:12 - .......Hibernate Crud Operations Example.......

2023-03-10 10:07:34 INFO  AppMain:14 - 
=======CREATE RECORDS=======

2023-03-10 10:07:35 ERROR SqlExceptionHelper:146 - Table 'bdpl.CONTATOS_729280' doesn't exist
2023-03-10 10:07:35 INFO  DbOperations:62 - 
.......Transaction Is Being Rolled Back.......

2023-03-10 10:07:35 INFO  AppMain:17 - 
=======READ RECORDS=======

2023-03-10 10:07:36 ERROR SqlExceptionHelper:146 - Table 'bdpl.CONTATOS_729280' doesn't exist
2023-03-10 10:07:36 INFO  DbOperations:86 - 
.......Transaction Is Being Rolled Back.......

2023-03-10 10:07:36 INFO  AppMain:25 - 
=======UPDATE RECORDS=======

2023-03-10 10:07:36 ERROR SqlExceptionHelper:146 - Table 'bdpl.CONTATOS_729280' doesn't exist
2023-03-10 10:07:36 INFO  DbOperations:116 - 
.......Transaction Is Being Rolled Back.......

2023-03-10 10:07:36 INFO  AppMain:30 - 
=======READ RECORDS AFTER UPDATION=======

2023-03-10 10:07:37 ERROR SqlExceptionHelper:146 - Table 'bdpl.CONTATOS_729280' doesn't exist
2023-03-10 10:07:37 INFO  DbOperations:86 - 
.......Transaction Is Being Rolled Back.......

2023-03-10 10:07:37 INFO  AppMain:38 - 
=======DELETE RECORD=======

2023-03-10 10:07:37 ERROR SqlExceptionHelper:146 - Table 'bdpl.CONTATOS_729280' doesn't exist
2023-03-10 10:07:37 INFO  DbOperations:144 - 
.......Transaction Is Being Rolled Back.......

2023-03-10 10:07:37 INFO  AppMain:41 - 
=======READ RECORDS AFTER DELETION=======

2023-03-10 10:07:38 ERROR SqlExceptionHelper:146 - Table 'bdpl.CONTATOS_729280' doesn't exist
2023-03-10 10:07:38 INFO  DbOperations:86 - 
.......Transaction Is Being Rolled Back.......

2023-03-10 10:08:22 INFO  AppMain:12 - .......Hibernate Crud Operations Example.......

2023-03-10 10:08:22 INFO  AppMain:14 - 
=======CREATE RECORDS=======

2023-03-10 10:08:24 ERROR SqlExceptionHelper:146 - Table 'bdpl.CONTATOS_729280' doesn't exist
2023-03-10 10:08:24 INFO  DbOperations:62 - 
.......Transaction Is Being Rolled Back.......

2023-03-10 10:08:24 INFO  AppMain:17 - 
=======READ RECORDS=======

2023-03-10 10:08:24 ERROR SqlExceptionHelper:146 - No database selected
2023-03-10 10:08:24 INFO  DbOperations:86 - 
.......Transaction Is Being Rolled Back.......

2023-03-10 10:08:24 INFO  AppMain:25 - 
=======UPDATE RECORDS=======

2023-03-10 10:08:25 ERROR SqlExceptionHelper:146 - No database selected
2023-03-10 10:08:25 INFO  DbOperations:116 - 
.......Transaction Is Being Rolled Back.......

2023-03-10 10:08:25 INFO  AppMain:30 - 
=======READ RECORDS AFTER UPDATION=======

2023-03-10 10:08:25 ERROR SqlExceptionHelper:146 - No database selected
2023-03-10 10:08:25 INFO  DbOperations:86 - 
.......Transaction Is Being Rolled Back.......

2023-03-10 10:08:25 INFO  AppMain:38 - 
=======DELETE RECORD=======

2023-03-10 10:08:26 ERROR SqlExceptionHelper:146 - No database selected
2023-03-10 10:08:26 INFO  DbOperations:144 - 
.......Transaction Is Being Rolled Back.......

2023-03-10 10:08:26 INFO  AppMain:41 - 
=======READ RECORDS AFTER DELETION=======

2023-03-10 10:08:26 ERROR SqlExceptionHelper:146 - No database selected
2023-03-10 10:08:26 INFO  DbOperations:86 - 
.......Transaction Is Being Rolled Back.......

2023-03-10 10:09:34 INFO  AppMain:12 - .......Hibernate Crud Operations Example.......

2023-03-10 10:09:34 INFO  AppMain:14 - 
=======CREATE RECORDS=======

2023-03-10 10:09:35 ERROR SqlExceptionHelper:146 - No database selected
2023-03-10 10:09:35 INFO  DbOperations:62 - 
.......Transaction Is Being Rolled Back.......

2023-03-10 10:09:35 INFO  AppMain:17 - 
=======READ RECORDS=======

2023-03-10 10:09:36 ERROR SqlExceptionHelper:146 - No database selected
2023-03-10 10:09:36 INFO  DbOperations:86 - 
.......Transaction Is Being Rolled Back.......

2023-03-10 10:09:36 INFO  AppMain:25 - 
=======UPDATE RECORDS=======

2023-03-10 10:09:36 ERROR SqlExceptionHelper:146 - No database selected
2023-03-10 10:09:36 INFO  DbOperations:116 - 
.......Transaction Is Being Rolled Back.......

2023-03-10 10:09:36 INFO  AppMain:30 - 
=======READ RECORDS AFTER UPDATION=======

2023-03-10 10:09:37 ERROR SqlExceptionHelper:146 - No database selected
2023-03-10 10:09:37 INFO  DbOperations:86 - 
.......Transaction Is Being Rolled Back.......

2023-03-10 10:09:37 INFO  AppMain:38 - 
=======DELETE RECORD=======

2023-03-10 10:09:37 ERROR SqlExceptionHelper:146 - No database selected
2023-03-10 10:09:37 INFO  DbOperations:144 - 
.......Transaction Is Being Rolled Back.......

2023-03-10 10:09:37 INFO  AppMain:41 - 
=======READ RECORDS AFTER DELETION=======

2023-03-10 10:09:38 ERROR SqlExceptionHelper:146 - No database selected
2023-03-10 10:09:38 INFO  DbOperations:86 - 
.......Transaction Is Being Rolled Back.......

2023-03-10 10:11:29 INFO  AppMain:12 - .......Hibernate Crud Operations Example.......

2023-03-10 10:11:29 INFO  AppMain:14 - 
=======CREATE RECORDS=======

2023-03-10 10:11:30 ERROR SqlExceptionHelper:146 - No database selected
2023-03-10 10:11:30 INFO  DbOperations:62 - 
.......Transaction Is Being Rolled Back.......

2023-03-10 10:11:30 INFO  AppMain:17 - 
=======READ RECORDS=======

2023-03-10 10:11:31 ERROR SqlExceptionHelper:146 - No database selected
2023-03-10 10:11:31 INFO  DbOperations:86 - 
.......Transaction Is Being Rolled Back.......

2023-03-10 10:11:31 INFO  AppMain:25 - 
=======UPDATE RECORDS=======

2023-03-10 10:11:31 ERROR SqlExceptionHelper:146 - No database selected
2023-03-10 10:11:31 INFO  DbOperations:116 - 
.......Transaction Is Being Rolled Back.......

2023-03-10 10:11:31 INFO  AppMain:30 - 
=======READ RECORDS AFTER UPDATION=======

2023-03-10 10:11:32 ERROR SqlExceptionHelper:146 - No database selected
2023-03-10 10:11:32 INFO  DbOperations:86 - 
.......Transaction Is Being Rolled Back.......

2023-03-10 10:11:32 INFO  AppMain:38 - 
=======DELETE RECORD=======

2023-03-10 10:11:32 ERROR SqlExceptionHelper:146 - No database selected
2023-03-10 10:11:32 INFO  DbOperations:144 - 
.......Transaction Is Being Rolled Back.......

2023-03-10 10:11:32 INFO  AppMain:41 - 
=======READ RECORDS AFTER DELETION=======

2023-03-10 10:11:33 ERROR SqlExceptionHelper:146 - No database selected
2023-03-10 10:11:33 INFO  DbOperations:86 - 
.......Transaction Is Being Rolled Back.......

2023-03-10 10:13:27 INFO  AppMain:12 - .......Hibernate Crud Operations Example.......

2023-03-10 10:13:27 INFO  AppMain:14 - 
=======CREATE RECORDS=======

2023-03-10 10:13:29 ERROR SqlExceptionHelper:146 - No database selected
2023-03-10 10:13:29 INFO  DbOperations:62 - 
.......Transaction Is Being Rolled Back.......

2023-03-10 10:13:29 INFO  AppMain:17 - 
=======READ RECORDS=======

2023-03-10 10:13:29 ERROR SqlExceptionHelper:146 - No database selected
2023-03-10 10:13:29 INFO  DbOperations:86 - 
.......Transaction Is Being Rolled Back.......

2023-03-10 10:13:29 INFO  AppMain:25 - 
=======UPDATE RECORDS=======

2023-03-10 10:13:30 ERROR SqlExceptionHelper:146 - No database selected
2023-03-10 10:13:30 INFO  DbOperations:116 - 
.......Transaction Is Being Rolled Back.......

2023-03-10 10:13:30 INFO  AppMain:30 - 
=======READ RECORDS AFTER UPDATION=======

2023-03-10 10:13:30 ERROR SqlExceptionHelper:146 - No database selected
2023-03-10 10:13:30 INFO  DbOperations:86 - 
.......Transaction Is Being Rolled Back.......

2023-03-10 10:13:30 INFO  AppMain:38 - 
=======DELETE RECORD=======

2023-03-10 10:13:31 ERROR SqlExceptionHelper:146 - No database selected
2023-03-10 10:13:31 INFO  DbOperations:144 - 
.......Transaction Is Being Rolled Back.......

2023-03-10 10:13:31 INFO  AppMain:41 - 
=======READ RECORDS AFTER DELETION=======

2023-03-10 10:13:31 ERROR SqlExceptionHelper:146 - No database selected
2023-03-10 10:13:31 INFO  DbOperations:86 - 
.......Transaction Is Being Rolled Back.......

2023-03-10 10:18:52 INFO  AppMain:12 - .......Hibernate Crud Operations Example.......

2023-03-10 10:18:52 INFO  AppMain:14 - 
=======CREATE RECORDS=======

2023-03-10 10:18:53 ERROR SqlExceptionHelper:146 - No database selected
2023-03-10 10:18:53 INFO  DbOperations:62 - 
.......Transaction Is Being Rolled Back.......

2023-03-10 10:18:53 INFO  AppMain:17 - 
=======READ RECORDS=======

2023-03-10 10:18:54 ERROR SqlExceptionHelper:146 - Table 'bdpl.CONTATOS_729280' doesn't exist
2023-03-10 10:18:54 INFO  DbOperations:86 - 
.......Transaction Is Being Rolled Back.......

2023-03-10 10:18:54 INFO  AppMain:25 - 
=======UPDATE RECORDS=======

2023-03-10 10:18:54 ERROR SqlExceptionHelper:146 - Table 'bdpl.CONTATOS_729280' doesn't exist
2023-03-10 10:18:54 INFO  DbOperations:116 - 
.......Transaction Is Being Rolled Back.......

2023-03-10 10:18:54 INFO  AppMain:30 - 
=======READ RECORDS AFTER UPDATION=======

2023-03-10 10:18:54 ERROR SqlExceptionHelper:146 - Table 'bdpl.CONTATOS_729280' doesn't exist
2023-03-10 10:18:54 INFO  DbOperations:86 - 
.......Transaction Is Being Rolled Back.......

2023-03-10 10:18:54 INFO  AppMain:38 - 
=======DELETE RECORD=======

2023-03-10 10:18:55 ERROR SqlExceptionHelper:146 - Table 'bdpl.CONTATOS_729280' doesn't exist
2023-03-10 10:18:55 INFO  DbOperations:144 - 
.......Transaction Is Being Rolled Back.......

2023-03-10 10:18:55 INFO  AppMain:41 - 
=======READ RECORDS AFTER DELETION=======

2023-03-10 10:18:56 ERROR SqlExceptionHelper:146 - Table 'bdpl.CONTATOS_729280' doesn't exist
2023-03-10 10:18:56 INFO  DbOperations:86 - 
.......Transaction Is Being Rolled Back.......

2023-03-10 10:19:22 INFO  AppMain:12 - .......Hibernate Crud Operations Example.......

2023-03-10 10:19:22 INFO  AppMain:14 - 
=======CREATE RECORDS=======

2023-03-10 10:19:23 ERROR SqlExceptionHelper:146 - Table 'bdpl.CONTATOS_729280' doesn't exist
2023-03-10 10:19:23 INFO  DbOperations:62 - 
.......Transaction Is Being Rolled Back.......

2023-03-10 10:19:23 INFO  AppMain:17 - 
=======READ RECORDS=======

2023-03-10 10:21:24 INFO  AppMain:12 - .......Hibernate Crud Operations Example.......

2023-03-10 10:21:24 INFO  AppMain:14 - 
=======CREATE RECORDS=======

2023-03-10 10:21:25 INFO  AppMain:17 - 
=======READ RECORDS=======

2023-03-10 10:21:25 INFO  AppMain:25 - 
=======UPDATE RECORDS=======

2023-03-10 10:21:25 INFO  AppMain:30 - 
=======READ RECORDS AFTER UPDATION=======

2023-03-10 10:21:25 INFO  AppMain:38 - 
=======DELETE RECORD=======

2023-03-10 10:21:25 INFO  AppMain:41 - 
=======READ RECORDS AFTER DELETION=======

2023-03-10 10:21:52 INFO  AppMain:12 - .......Hibernate Crud Operations Example.......

2023-03-10 10:21:52 INFO  AppMain:14 - 
=======CREATE RECORDS=======

2023-03-10 10:21:53 ERROR SqlExceptionHelper:146 - Table 'bdpl.CONTATOS_729280' doesn't exist
2023-03-10 10:21:53 INFO  DbOperations:62 - 
.......Transaction Is Being Rolled Back.......

2023-03-10 10:21:53 INFO  AppMain:17 - 
=======READ RECORDS=======

2023-03-10 10:21:53 ERROR SqlExceptionHelper:146 - Table 'bdpl.CONTATOS_729280' doesn't exist
2023-03-10 10:21:53 INFO  DbOperations:86 - 
.......Transaction Is Being Rolled Back.......

2023-03-10 10:21:53 INFO  AppMain:25 - 
=======UPDATE RECORDS=======

2023-03-10 10:21:54 ERROR SqlExceptionHelper:146 - Table 'bdpl.CONTATOS_729280' doesn't exist
2023-03-10 10:21:54 INFO  DbOperations:116 - 
.......Transaction Is Being Rolled Back.......

2023-03-10 10:21:54 INFO  AppMain:30 - 
=======READ RECORDS AFTER UPDATION=======

2023-03-10 10:21:54 ERROR SqlExceptionHelper:146 - Table 'bdpl.CONTATOS_729280' doesn't exist
2023-03-10 10:21:54 INFO  DbOperations:86 - 
.......Transaction Is Being Rolled Back.......

2023-03-10 10:21:54 INFO  AppMain:38 - 
=======DELETE RECORD=======

2023-03-10 10:21:55 ERROR SqlExceptionHelper:146 - Table 'bdpl.CONTATOS_729280' doesn't exist
2023-03-10 10:21:55 INFO  DbOperations:144 - 
.......Transaction Is Being Rolled Back.......

2023-03-10 10:21:55 INFO  AppMain:41 - 
=======READ RECORDS AFTER DELETION=======

2023-03-10 10:21:55 ERROR SqlExceptionHelper:146 - Table 'bdpl.CONTATOS_729280' doesn't exist
2023-03-10 10:21:55 INFO  DbOperations:86 - 
.......Transaction Is Being Rolled Back.......

2023-03-10 10:22:21 INFO  AppMain:12 - .......Hibernate Crud Operations Example.......

2023-03-10 10:22:21 INFO  AppMain:14 - 
=======CREATE RECORDS=======

2023-03-10 10:22:23 ERROR SqlExceptionHelper:146 - Table 'bdpl.CONTATOS_729280' doesn't exist
2023-03-10 10:22:23 INFO  DbOperations:62 - 
.......Transaction Is Being Rolled Back.......

2023-03-10 10:22:23 INFO  AppMain:17 - 
=======READ RECORDS=======

2023-03-10 10:22:23 ERROR SqlExceptionHelper:146 - Table 'bdpl.CONTATOS_729280' doesn't exist
2023-03-10 10:22:23 INFO  DbOperations:86 - 
.......Transaction Is Being Rolled Back.......

2023-03-10 10:22:23 INFO  AppMain:25 - 
=======UPDATE RECORDS=======

2023-03-10 10:22:23 ERROR SqlExceptionHelper:146 - Table 'bdpl.CONTATOS_729280' doesn't exist
2023-03-10 10:22:23 INFO  DbOperations:116 - 
.......Transaction Is Being Rolled Back.......

2023-03-10 10:22:23 INFO  AppMain:30 - 
=======READ RECORDS AFTER UPDATION=======

2023-03-10 10:22:24 ERROR SqlExceptionHelper:146 - Table 'bdpl.CONTATOS_729280' doesn't exist
2023-03-10 10:22:24 INFO  DbOperations:86 - 
.......Transaction Is Being Rolled Back.......

2023-03-10 10:22:24 INFO  AppMain:38 - 
=======DELETE RECORD=======

2023-03-10 10:22:24 ERROR SqlExceptionHelper:146 - Table 'bdpl.CONTATOS_729280' doesn't exist
2023-03-10 10:22:24 INFO  DbOperations:144 - 
.......Transaction Is Being Rolled Back.......

2023-03-10 10:22:24 INFO  AppMain:41 - 
=======READ RECORDS AFTER DELETION=======

2023-03-10 10:22:25 ERROR SqlExceptionHelper:146 - Table 'bdpl.CONTATOS_729280' doesn't exist
2023-03-10 10:22:25 INFO  DbOperations:86 - 
.......Transaction Is Being Rolled Back.......

2023-03-10 10:23:58 INFO  AppMain:12 - .......Hibernate Crud Operations Example.......

2023-03-10 10:23:58 INFO  AppMain:14 - 
=======CREATE RECORDS=======

2023-03-10 10:23:59 ERROR SqlExceptionHelper:146 - Table 'bdpl.CONTATOS_729280' doesn't exist
2023-03-10 10:23:59 INFO  DbOperations:62 - 
.......Transaction Is Being Rolled Back.......

2023-03-10 10:23:59 INFO  AppMain:17 - 
=======READ RECORDS=======

2023-03-10 10:24:00 ERROR SqlExceptionHelper:146 - Table 'bdpl.CONTATOS_729280' doesn't exist
2023-03-10 10:24:00 INFO  DbOperations:86 - 
.......Transaction Is Being Rolled Back.......

2023-03-10 10:24:00 INFO  AppMain:25 - 
=======UPDATE RECORDS=======

2023-03-10 10:24:00 ERROR SqlExceptionHelper:146 - Table 'bdpl.CONTATOS_729280' doesn't exist
2023-03-10 10:24:00 INFO  DbOperations:116 - 
.......Transaction Is Being Rolled Back.......

2023-03-10 10:24:00 INFO  AppMain:30 - 
=======READ RECORDS AFTER UPDATION=======

2023-03-10 10:24:01 ERROR SqlExceptionHelper:146 - Table 'bdpl.CONTATOS_729280' doesn't exist
2023-03-10 10:24:01 INFO  DbOperations:86 - 
.......Transaction Is Being Rolled Back.......

2023-03-10 10:24:01 INFO  AppMain:38 - 
=======DELETE RECORD=======

2023-03-10 10:24:01 ERROR SqlExceptionHelper:146 - Table 'bdpl.CONTATOS_729280' doesn't exist
2023-03-10 10:24:01 INFO  DbOperations:144 - 
.......Transaction Is Being Rolled Back.......

2023-03-10 10:24:01 INFO  AppMain:41 - 
=======READ RECORDS AFTER DELETION=======

2023-03-10 10:24:02 ERROR SqlExceptionHelper:146 - Table 'bdpl.CONTATOS_729280' doesn't exist
2023-03-10 10:24:02 INFO  DbOperations:86 - 
.......Transaction Is Being Rolled Back.......

2023-03-10 10:28:58 INFO  AppMain:12 - .......Hibernate Crud Operations Example.......

2023-03-10 10:28:58 INFO  AppMain:14 - 
=======CREATE RECORDS=======

2023-03-10 10:28:59 ERROR SqlExceptionHelper:146 - Table 'bdpl.CONTATOS_729280' doesn't exist
2023-03-10 10:28:59 INFO  DbOperations:62 - 
.......Transaction Is Being Rolled Back.......

2023-03-10 10:28:59 INFO  AppMain:17 - 
=======READ RECORDS=======

2023-03-10 10:28:59 ERROR SqlExceptionHelper:146 - Table 'bdpl.CONTATOS_729280' doesn't exist
2023-03-10 10:28:59 INFO  DbOperations:86 - 
.......Transaction Is Being Rolled Back.......

2023-03-10 10:29:00 INFO  AppMain:25 - 
=======UPDATE RECORDS=======

2023-03-10 10:29:00 ERROR SqlExceptionHelper:146 - Table 'bdpl.CONTATOS_729280' doesn't exist
2023-03-10 10:29:00 INFO  DbOperations:116 - 
.......Transaction Is Being Rolled Back.......

2023-03-10 10:29:00 INFO  AppMain:30 - 
=======READ RECORDS AFTER UPDATION=======

2023-03-10 10:29:00 ERROR SqlExceptionHelper:146 - Table 'bdpl.CONTATOS_729280' doesn't exist
2023-03-10 10:29:00 INFO  DbOperations:86 - 
.......Transaction Is Being Rolled Back.......

2023-03-10 10:29:00 INFO  AppMain:38 - 
=======DELETE RECORD=======

2023-03-10 10:29:01 ERROR SqlExceptionHelper:146 - Table 'bdpl.CONTATOS_729280' doesn't exist
2023-03-10 10:29:01 INFO  DbOperations:144 - 
.......Transaction Is Being Rolled Back.......

2023-03-10 10:29:01 INFO  AppMain:41 - 
=======READ RECORDS AFTER DELETION=======

2023-03-10 10:29:01 ERROR SqlExceptionHelper:146 - Table 'bdpl.CONTATOS_729280' doesn't exist
2023-03-10 10:29:01 INFO  DbOperations:86 - 
.......Transaction Is Being Rolled Back.......

2023-03-10 10:32:56 INFO  AppMain:12 - .......Hibernate Crud Operations Example.......

2023-03-10 10:32:56 INFO  AppMain:14 - 
=======CREATE RECORDS=======

2023-03-10 10:32:57 ERROR SqlExceptionHelper:146 - Table 'bdpl.CONTATOS_729280' doesn't exist
2023-03-10 10:32:57 INFO  DbOperations:62 - 
.......Transaction Is Being Rolled Back.......

2023-03-10 10:32:57 INFO  AppMain:17 - 
=======READ RECORDS=======

2023-03-10 10:32:58 ERROR SqlExceptionHelper:146 - Table 'bdpl.CONTATOS_729280' doesn't exist
2023-03-10 10:32:58 INFO  DbOperations:86 - 
.......Transaction Is Being Rolled Back.......

2023-03-10 10:32:58 INFO  AppMain:25 - 
=======UPDATE RECORDS=======

2023-03-10 10:32:58 ERROR SqlExceptionHelper:146 - Table 'bdpl.CONTATOS_729280' doesn't exist
2023-03-10 10:32:58 INFO  DbOperations:116 - 
.......Transaction Is Being Rolled Back.......

2023-03-10 10:32:58 INFO  AppMain:30 - 
=======READ RECORDS AFTER UPDATION=======

2023-03-10 10:32:58 ERROR SqlExceptionHelper:146 - Table 'bdpl.CONTATOS_729280' doesn't exist
2023-03-10 10:32:58 INFO  DbOperations:86 - 
.......Transaction Is Being Rolled Back.......

2023-03-10 10:32:59 INFO  AppMain:38 - 
=======DELETE RECORD=======

2023-03-10 10:32:59 ERROR SqlExceptionHelper:146 - Table 'bdpl.CONTATOS_729280' doesn't exist
2023-03-10 10:32:59 INFO  DbOperations:144 - 
.......Transaction Is Being Rolled Back.......

2023-03-10 10:32:59 INFO  AppMain:41 - 
=======READ RECORDS AFTER DELETION=======

2023-03-10 10:33:00 ERROR SqlExceptionHelper:146 - Table 'bdpl.CONTATOS_729280' doesn't exist
2023-03-10 10:33:00 INFO  DbOperations:86 - 
.......Transaction Is Being Rolled Back.......

2023-03-10 10:38:30 INFO  AppMain:12 - .......Hibernate Crud Operations Example.......

2023-03-10 10:38:30 INFO  AppMain:14 - 
=======CREATE RECORDS=======

2023-03-10 10:38:32 ERROR SqlExceptionHelper:146 - Table 'bdpl.CONTATOS_729280' doesn't exist
2023-03-10 10:38:32 INFO  DbOperations:62 - 
.......Transaction Is Being Rolled Back.......

2023-03-10 10:38:32 INFO  AppMain:17 - 
=======READ RECORDS=======

2023-03-10 10:38:32 ERROR SqlExceptionHelper:146 - Table 'bdpl.CONTATOS_729280' doesn't exist
2023-03-10 10:38:32 INFO  DbOperations:86 - 
.......Transaction Is Being Rolled Back.......

2023-03-10 10:38:32 INFO  AppMain:25 - 
=======UPDATE RECORDS=======

2023-03-10 10:38:32 ERROR SqlExceptionHelper:146 - Table 'bdpl.CONTATOS_729280' doesn't exist
2023-03-10 10:38:32 INFO  DbOperations:116 - 
.......Transaction Is Being Rolled Back.......

2023-03-10 10:38:32 INFO  AppMain:30 - 
=======READ RECORDS AFTER UPDATION=======

2023-03-10 10:38:33 ERROR SqlExceptionHelper:146 - Table 'bdpl.CONTATOS_729280' doesn't exist
2023-03-10 10:38:33 INFO  DbOperations:86 - 
.......Transaction Is Being Rolled Back.......

2023-03-10 10:38:33 INFO  AppMain:38 - 
=======DELETE RECORD=======

2023-03-10 10:38:33 ERROR SqlExceptionHelper:146 - Table 'bdpl.CONTATOS_729280' doesn't exist
2023-03-10 10:38:33 INFO  DbOperations:144 - 
.......Transaction Is Being Rolled Back.......

2023-03-10 10:38:33 INFO  AppMain:41 - 
=======READ RECORDS AFTER DELETION=======

2023-03-10 10:38:34 ERROR SqlExceptionHelper:146 - Table 'bdpl.CONTATOS_729280' doesn't exist
2023-03-10 10:38:34 INFO  DbOperations:86 - 
.......Transaction Is Being Rolled Back.......

2023-03-10 10:43:52 INFO  AppMain:12 - .......Hibernate Crud Operations Example.......

2023-03-10 10:43:52 INFO  AppMain:14 - 
=======CREATE RECORDS=======

